* commit 0ffc9e4c2956473ab6402ddfaa8d00803de388d9
| Author: qqiumax <maxqqqq@hotmail.com>
| Date:   Wed Jun 29 17:31:10 2022 +0800
| 
|     reinit
|     
|     Signed-off-by: qqiumax <maxqqqq@hotmail.com>
| 
* commit ee9345278ae698267516ad135c319877d2c51616
| Author: Henry <107779021+HenryPersonalWeb@users.noreply.github.com>
| Date:   Tue Jun 28 10:34:29 2022 +0800
| 
|     Update README.md
| 
* commit 055ece3c3581c91807c53448673ca42608f71ef5
| Author: qqiumax <maxqqqq@hotmail.com>
| Date:   Tue Jun 28 10:18:47 2022 +0800
| 
|     REDME.md
|     
|     Signed-off-by: qqiumax <maxqqqq@hotmail.com>
| 
* commit 3ac82bb1024275fb2a497344778018807830694b
| Author: qqiumax <maxqqqq@hotmail.com>
| Date:   Tue Jun 28 10:14:28 2022 +0800
| 
|     REDME.md
|     
|     Signed-off-by: qqiumax <maxqqqq@hotmail.com>
| 
* commit 2a5b466871b7d89793abd5b1024dea9f9ad5fc67
| Author: Max Qiu <maxqqqq@hotmail.com>
| Date:   Tue Jun 28 10:06:53 2022 +0800
| 
|     Initial commit
| 
* commit 410a80c67155f7f422ea6a79da97cf5edac36073
| Author: unknown <henrylihongyi@163.com>
| Date:   Tue Jun 28 08:44:29 2022 +0800
| 
|     bugfix
|     
|     Signed-off-by: unknown <henrylihongyi@163.com>
| 
* commit a9138d21c3881fb36dea0759f586a9ca7fa23e01
| Author: HenryPersonalWeb <107779021+HenryPersonalWeb@users.noreply.github.com>
| Date:   Sun Jun 26 16:40:11 2022 +0800
| 
|     Set theme jekyll-theme-cayman
|   
*   commit 6ad91f7fea7a4d1728c9b7c8dfb0b536a3dee736
|\  Merge: 7bd4227 cca9fa4
| | Author: unknown <henrylihongyi@163.com>
| | Date:   Sun Jun 26 16:39:03 2022 +0800
| | 
| |     bugfix
| |     
| |     Signed-off-by: unknown <henrylihongyi@163.com>
| | 
| * commit cca9fa44b54c963d932ec782c31d30ab17c787cf
| | Author: HenryPersonalWeb <107779021+HenryPersonalWeb@users.noreply.github.com>
| | Date:   Sun Jun 26 16:20:05 2022 +0800
| | 
| |     Update README.md
| | 
| * commit 280f52ad4c3fe9c25983b7fa626969d8cf5f86f1
| | Author: HenryPersonalWeb <107779021+HenryPersonalWeb@users.noreply.github.com>
| | Date:   Sun Jun 26 16:19:39 2022 +0800
| | 
| |     Update README.md
| | 
| * commit f9a98dd643112020801278d0262b896f785fc781
| | Author: HenryPersonalWeb <107779021+HenryPersonalWeb@users.noreply.github.com>
| | Date:   Sun Jun 26 16:01:38 2022 +0800
| | 
| |     Update README.md
| | 
| * commit 553c85e98d2b343ff607de2a45d1a7336b546be5
| | Author: HenryPersonalWeb <107779021+HenryPersonalWeb@users.noreply.github.com>
| | Date:   Sun Jun 26 16:00:39 2022 +0800
| | 
| |     Update README.md
| | 
* | commit 7bd42275f5876a5b555fbba5039bf73a8231e9f6
|/  Author: unknown <henrylihongyi@163.com>
|   Date:   Sun Jun 26 16:31:11 2022 +0800
|   
|       bugfix
|       
|       Signed-off-by: unknown <henrylihongyi@163.com>
|   
*   commit a727df8c826b5f190de9f62843155b0f0f41c613
|\  Merge: e83701a 7ec032e
| | Author: unknown <henrylihongyi@163.com>
| | Date:   Sun Jun 26 15:52:49 2022 +0800
| | 
| |     bugfix
| |     
| |     Signed-off-by: unknown <henrylihongyi@163.com>
| | 
| * commit 7ec032ede6dbbdc9fa2b4726e90e7b0c7082d25a
| | Author: HenryPersonalWeb <107779021+HenryPersonalWeb@users.noreply.github.com>
| | Date:   Sun Jun 26 15:49:26 2022 +0800
| | 
| |     Update README.md
| | 
| * commit 7b89feb93b0a469c29e6bd785a85fc4721a1dc73
| | Author: HenryPersonalWeb <107779021+HenryPersonalWeb@users.noreply.github.com>
| | Date:   Sun Jun 26 15:46:55 2022 +0800
| | 
| |     Update README.md
| | 
* | commit e83701a199d715185b58b5ca6c2f70a4cffabf8c
|/  Author: unknown <henrylihongyi@163.com>
|   Date:   Sun Jun 26 15:52:04 2022 +0800
|   
|       bugfix
|       
|       Signed-off-by: unknown <henrylihongyi@163.com>
|   
*   commit 0a2f07b73ac8dbf08c6910fd7a6dfdb11a6b388b
|\  Merge: 3033e95 3ca4b6e
| | Author: unknown <henrylihongyi@163.com>
| | Date:   Sun Jun 26 12:38:07 2022 +0800
| | 
| |     Merge branch 'main' of github.com:HenryPersonalWeb/HenryPersonalWeb.github.io
| | 
| * commit 3ca4b6e9f15c9e3abd399717013ffdf547923b88
| | Author: HenryPersonalWeb <107779021+HenryPersonalWeb@users.noreply.github.com>
| | Date:   Sat Jun 25 11:43:03 2022 +0800
| | 
| |     Update README.md
| | 
* | commit 3033e957f064589fcfc88b37d0804d53c52e9f62
|\| Merge: a80f068 1c108f4
| | Author: unknown <henrylihongyi@163.com>
| | Date:   Sun Jun 26 12:33:42 2022 +0800
| | 
| |     message
| |     
| |     Signed-off-by: unknown <henrylihongyi@163.com>
| | 
| * commit 1c108f4f4990eed911c8f7c24e1020d91e6e1680
| | Author: HenryPersonalWeb <107779021+HenryPersonalWeb@users.noreply.github.com>
| | Date:   Fri Jun 24 15:28:03 2022 +0800
| | 
| |     Update README.md
| | 
| * commit 492e2e99134fc0654ff8a41ec77292a2d0ac28f2
| | Author: HenryPersonalWeb <107779021+HenryPersonalWeb@users.noreply.github.com>
| | Date:   Fri Jun 24 14:34:59 2022 +0800
| | 
| |     Update README.md
| | 
| * commit 88059d990ca6f8dcdfca17124665ce02de097cb6
| | Author: HenryPersonalWeb <107779021+HenryPersonalWeb@users.noreply.github.com>
| | Date:   Fri Jun 24 14:34:02 2022 +0800
| | 
| |     Update README.md
| | 
| * commit 2c55237581acd91293e73582ac9f200701faa6d0
| | Author: HenryPersonalWeb <107779021+HenryPersonalWeb@users.noreply.github.com>
| | Date:   Fri Jun 24 14:28:07 2022 +0800
| | 
| |     Update README.md
| | 
| * commit 1e73f481734809858892f46169580be21ab363ef
| | Author: HenryPersonalWeb <107779021+HenryPersonalWeb@users.noreply.github.com>
| | Date:   Fri Jun 24 14:27:37 2022 +0800
| | 
| |     Update README.md
| | 
* | commit a80f0688bb334176b8aff1a9d26d35775b2b3948
|/  Author: unknown <henrylihongyi@163.com>
|   Date:   Fri Jun 24 18:31:55 2022 +0800
|   
|       your_note_for_change_here
| 
* commit c9cbcebb94a951de38c14faeae5207f07c95d023
| Author: HenryPersonalWeb <107779021+HenryPersonalWeb@users.noreply.github.com>
| Date:   Sun Jun 19 09:43:06 2022 +0800
| 
|     Update README.md
| 
* commit 64ab04fe9c314b2451fb00b56ed9cc50d86d3080
| Author: HenryPersonalWeb <107779021+HenryPersonalWeb@users.noreply.github.com>
| Date:   Sun Jun 19 09:36:04 2022 +0800
| 
|     Set theme jekyll-theme-cayman
| 
* commit 3174a5acb9ee70f07b0b1a6940936b8c0a35067f
| Author: HenryPersonalWeb <107779021+HenryPersonalWeb@users.noreply.github.com>
| Date:   Sun Jun 19 09:31:58 2022 +0800
| 
|     Set theme jekyll-theme-cayman
| 
* commit 1b2779a8847228a52c680162a3de187b03912dfb
| Author: HenryPersonalWeb <107779021+HenryPersonalWeb@users.noreply.github.com>
| Date:   Sun Jun 19 09:31:20 2022 +0800
| 
|     Set theme jekyll-theme-cayman
| 
* commit eaabea9cb04e90bbe2d5d37effd6e2592b1297b1
| Author: HenryPersonalWeb <107779021+HenryPersonalWeb@users.noreply.github.com>
| Date:   Sun Jun 19 09:31:06 2022 +0800
| 
|     Set theme jekyll-theme-cayman
| 
* commit df64147ff4ba3ac9a5a2180fc3c9d7d1583bd64b
| Author: HenryPersonalWeb <107779021+HenryPersonalWeb@users.noreply.github.com>
| Date:   Sun Jun 19 09:25:52 2022 +0800
| 
|     Update README.md
| 
* commit 2b0a7b38fcd890ec2df570178600fe47a002e853
  Author: HenryPersonalWeb <107779021+HenryPersonalWeb@users.noreply.github.com>
  Date:   Sun Jun 19 09:16:54 2022 +0800
  
      Initial commit
